<?xml version="1.0" encoding="UTF-8"?>
<testsuite name="net.prominic.groovyls.GroovyServicesCompletionTests" tests="20" skipped="0" failures="0" errors="0" timestamp="2024-11-05T19:44:53" hostname="gamebox" time="4.448">
  <properties/>
  <testcase name="testOwnClass()" classname="net.prominic.groovyls.GroovyServicesCompletionTests" time="0.703"/>
  <testcase name="testCompletionForLocalVariableOnPartialVariableExpression()" classname="net.prominic.groovyls.GroovyServicesCompletionTests" time="0.248"/>
  <testcase name="testCompletionForLocalVariableOnPartialVariableExpressionInsideBlock()" classname="net.prominic.groovyls.GroovyServicesCompletionTests" time="0.253"/>
  <testcase name="testCompletionForLocalVariableOnCompleteVariableExpression()" classname="net.prominic.groovyls.GroovyServicesCompletionTests" time="0.239"/>
  <testcase name="testMemberAccessOnLocalVariableWithExistingVariableExpressionOnNextLine()" classname="net.prominic.groovyls.GroovyServicesCompletionTests" time="0.185"/>
  <testcase name="testCompletionForMemberVariableOnCompleteVariableExpression()" classname="net.prominic.groovyls.GroovyServicesCompletionTests" time="0.18"/>
  <testcase name="testMemberAccessOnLocalArrayAfterDot()" classname="net.prominic.groovyls.GroovyServicesCompletionTests" time="0.232"/>
  <testcase name="testMemberAccessOnThisAfterDot()" classname="net.prominic.groovyls.GroovyServicesCompletionTests" time="0.166"/>
  <testcase name="testCompletionForParameterOnCompleteVariableExpression()" classname="net.prominic.groovyls.GroovyServicesCompletionTests" time="0.179"/>
  <testcase name="testCompletionForMemberVariableOnPartialVariableExpression()" classname="net.prominic.groovyls.GroovyServicesCompletionTests" time="0.219"/>
  <testcase name="testMemberAccessOnMemberVariableAfterDot()" classname="net.prominic.groovyls.GroovyServicesCompletionTests" time="0.176"/>
  <testcase name="testMemberAccessOnLocalVariableWithExistingMethodCallExpressionOnNextLine()" classname="net.prominic.groovyls.GroovyServicesCompletionTests" time="0.167"/>
  <testcase name="testCompletionForMemberMethodOnPartialVariableExpression()" classname="net.prominic.groovyls.GroovyServicesCompletionTests" time="0.222"/>
  <testcase name="testMemberAccessOnClassAfterDot()" classname="net.prominic.groovyls.GroovyServicesCompletionTests" time="0.167"/>
  <testcase name="testMemberAccessOnLocalVariableWithPartialPropertyExpression()" classname="net.prominic.groovyls.GroovyServicesCompletionTests" time="0.168"/>
  <testcase name="testMemberAccessOnLocalVariableAfterDot()" classname="net.prominic.groovyls.GroovyServicesCompletionTests" time="0.174"/>
  <testcase name="testMemberAccessOnThisWithMultipleResults()" classname="net.prominic.groovyls.GroovyServicesCompletionTests" time="0.22"/>
  <testcase name="testCompletionForMemberMethodOnCompleteVariableExpression()" classname="net.prominic.groovyls.GroovyServicesCompletionTests" time="0.188"/>
  <testcase name="testCompletionForParameterOnPartialVariableExpression()" classname="net.prominic.groovyls.GroovyServicesCompletionTests" time="0.184"/>
  <testcase name="testSystemClass()" classname="net.prominic.groovyls.GroovyServicesCompletionTests" time="0.168"/>
  <system-out><![CDATA[]]></system-out>
  <system-err><![CDATA[]]></system-err>
</testsuite>
