<?xml version="1.0" encoding="UTF-8"?>
<testsuite name="net.prominic.groovyls.GroovyServicesTypeDefinitionTests" tests="7" skipped="0" failures="0" errors="0" timestamp="2024-11-05T19:45:01" hostname="gamebox" time="1.304">
  <properties/>
  <testcase name="testLocalVariableTypeDefinitionFromAssignment()" classname="net.prominic.groovyls.GroovyServicesTypeDefinitionTests" time="0.208"/>
  <testcase name="testMemberVariableTypeDefinitionFromDeclaration()" classname="net.prominic.groovyls.GroovyServicesTypeDefinitionTests" time="0.179"/>
  <testcase name="testLocalVariableTypeDefinitionFromMethodCall()" classname="net.prominic.groovyls.GroovyServicesTypeDefinitionTests" time="0.16"/>
  <testcase name="testMemberMethodTypeDefinitionFromCall()" classname="net.prominic.groovyls.GroovyServicesTypeDefinitionTests" time="0.208"/>
  <testcase name="testMemberVariableTypeDefinitionFromAssignment()" classname="net.prominic.groovyls.GroovyServicesTypeDefinitionTests" time="0.168"/>
  <testcase name="testLocalVariableTypeDefinitionFromDeclaration()" classname="net.prominic.groovyls.GroovyServicesTypeDefinitionTests" time="0.213"/>
  <testcase name="testMemberMethodTypeDefinitionFromDeclaration()" classname="net.prominic.groovyls.GroovyServicesTypeDefinitionTests" time="0.167"/>
  <system-out><![CDATA[]]></system-out>
  <system-err><![CDATA[]]></system-err>
</testsuite>
