<?xml version="1.0" encoding="UTF-8"?>
<testsuite name="net.prominic.groovyls.GroovyServicesDefinitionTests" tests="17" skipped="0" failures="0" errors="0" timestamp="2024-11-05T19:44:57" hostname="gamebox" time="3.036">
  <properties/>
  <testcase name="testClassDefinitionFromVariableDeclaration()" classname="net.prominic.groovyls.GroovyServicesDefinitionTests" time="0.189"/>
  <testcase name="testLocalVariableDefinitionFromDeclaration()" classname="net.prominic.groovyls.GroovyServicesDefinitionTests" time="0.18"/>
  <testcase name="testMemberMethodDefinitionFromDeclaration()" classname="net.prominic.groovyls.GroovyServicesDefinitionTests" time="0.174"/>
  <testcase name="testClassDefinitionFromDeclaration()" classname="net.prominic.groovyls.GroovyServicesDefinitionTests" time="0.168"/>
  <testcase name="testLocalVariableDefinitionFromAssignment()" classname="net.prominic.groovyls.GroovyServicesDefinitionTests" time="0.193"/>
  <testcase name="testClassDefinitionFromImport()" classname="net.prominic.groovyls.GroovyServicesDefinitionTests" time="0.165"/>
  <testcase name="testDefinitionFromArrayItemMemberAccess()" classname="net.prominic.groovyls.GroovyServicesDefinitionTests" time="0.166"/>
  <testcase name="testParameterDefinitionFromReference()" classname="net.prominic.groovyls.GroovyServicesDefinitionTests" time="0.164"/>
  <testcase name="testClassDefinitionFromClassExpression()" classname="net.prominic.groovyls.GroovyServicesDefinitionTests" time="0.19"/>
  <testcase name="testLocalVariableDefinitionFromMethodCallArgument()" classname="net.prominic.groovyls.GroovyServicesDefinitionTests" time="0.173"/>
  <testcase name="testMemberVariableDefinitionFromAssignment()" classname="net.prominic.groovyls.GroovyServicesDefinitionTests" time="0.179"/>
  <testcase name="testMemberMethodDefinitionFromCall()" classname="net.prominic.groovyls.GroovyServicesDefinitionTests" time="0.179"/>
  <testcase name="testConstructorDefinitionFromConstructorCall()" classname="net.prominic.groovyls.GroovyServicesDefinitionTests" time="0.193"/>
  <testcase name="testParameterDefinitionFromDeclarationInMethod()" classname="net.prominic.groovyls.GroovyServicesDefinitionTests" time="0.17"/>
  <testcase name="testParameterDefinitionFromDeclarationInConstructor()" classname="net.prominic.groovyls.GroovyServicesDefinitionTests" time="0.168"/>
  <testcase name="testMemberVariableDefinitionFromDeclaration()" classname="net.prominic.groovyls.GroovyServicesDefinitionTests" time="0.171"/>
  <testcase name="testLocalVariableDefinitionFromMethodCallObjectExpression()" classname="net.prominic.groovyls.GroovyServicesDefinitionTests" time="0.21"/>
  <system-out><![CDATA[]]></system-out>
  <system-err><![CDATA[]]></system-err>
</testsuite>
